<?xml version="1.0" encoding="utf-8"?><testsuites name="pytest tests"><testsuite name="pytest" errors="0" failures="0" skipped="0" tests="16" time="4.060" timestamp="2026-04-27T21:05:19.848138+00:00" hostname="agent-env-98376bbb-0876-4451-9d73-7b106b20481f"><testcase classname="backend.tests.test_beauty_moon" name="test_seed" time="0.618" /><testcase classname="backend.tests.test_beauty_moon" name="test_yo" time="0.958" /><testcase classname="backend.tests.test_beauty_moon" name="test_registro_duplicado" time="0.054" /><testcase classname="backend.tests.test_beauty_moon" name="test_registro_nuevo_cliente" time="0.277" /><testcase classname="backend.tests.test_beauty_moon" name="test_productos_lista" time="0.183" /><testcase classname="backend.tests.test_beauty_moon" name="test_productos_filtro_categoria" time="0.065" /><testcase classname="backend.tests.test_beauty_moon" name="test_destacados" time="0.066" /><testcase classname="backend.tests.test_beauty_moon" name="test_detalle_producto" time="0.117" /><testcase classname="backend.tests.test_beauty_moon" name="test_crud_producto_vendedor" time="0.230" /><testcase classname="backend.tests.test_beauty_moon" name="test_crud_requires_vendedor" time="0.064" /><testcase classname="backend.tests.test_beauty_moon" name="test_mis_productos_stand" time="0.165" /><testcase classname="backend.tests.test_beauty_moon" name="test_favoritos" time="0.255" /><testcase classname="backend.tests.test_beauty_moon" name="test_preferencia_mp" time="0.489" /><testcase classname="backend.tests.test_beauty_moon" name="test_webhook" time="0.065" /><testcase classname="backend.tests.test_beauty_moon" name="test_admin" time="0.325" /><testcase classname="backend.tests.test_beauty_moon" name="test_admin_requires_admin" time="0.051" /></testsuite></testsuites>